<?xml version="1.0" encoding="UTF-8"?>
<robot generator="Robot 7.0 (Python 3.12.1 on win32)" generated="2024-05-09T18:26:40.957784" rpa="false" schemaversion="5">
<suite id="s1" name="BrowserHandel" source="C:\Users\Admin\PycharmProjects\RobotFramework\Tests\BrowserHandel.robot">
<test id="s1-t1" name="Command Browser" line="5">
<kw name="Set Selenium Speed" owner="SeleniumLibrary">
<arg>2seconds</arg>
<doc>Sets the delay that is waited after each Selenium command.</doc>
<status status="PASS" start="2024-05-09T18:26:41.314620" elapsed="0.001183"/>
</kw>
<kw name="Open Browser" owner="SeleniumLibrary">
<msg time="2024-05-09T18:26:41.317037" level="INFO">Opening browser 'Chrome' to base url 'https://www.google.com'.</msg>
<arg>https://www.google.com</arg>
<arg>Chrome</arg>
<doc>Opens a new browser instance to the optional ``url``.</doc>
<status status="PASS" start="2024-05-09T18:26:41.317037" elapsed="6.613813"/>
</kw>
<kw name="Maximize Browser Window" owner="SeleniumLibrary">
<doc>Maximizes current browser window.</doc>
<status status="PASS" start="2024-05-09T18:26:47.930850" elapsed="2.079905"/>
</kw>
<kw name="Sleep" owner="BuiltIn">
<msg time="2024-05-09T18:26:53.015131" level="INFO">Slept 3 seconds.</msg>
<arg>3</arg>
<doc>Pauses the test executed for the given time.</doc>
<status status="PASS" start="2024-05-09T18:26:50.014068" elapsed="3.001063"/>
</kw>
<kw name="Go To" owner="SeleniumLibrary">
<msg time="2024-05-09T18:26:53.017531" level="INFO">Opening url 'https://www.flipkart.com'</msg>
<arg>https://www.flipkart.com</arg>
<doc>Navigates the current browser window to the provided ``url``.</doc>
<status status="PASS" start="2024-05-09T18:26:53.017531" elapsed="2.647255"/>
</kw>
<kw name="Sleep" owner="BuiltIn">
<msg time="2024-05-09T18:26:58.665578" level="INFO">Slept 3 seconds.</msg>
<arg>3</arg>
<doc>Pauses the test executed for the given time.</doc>
<status status="PASS" start="2024-05-09T18:26:55.664786" elapsed="3.001414"/>
</kw>
<kw name="Go Back" owner="SeleniumLibrary">
<doc>Simulates the user clicking the back button on their browser.</doc>
<status status="PASS" start="2024-05-09T18:26:58.667873" elapsed="2.123202"/>
</kw>
<kw name="Close Browser" owner="SeleniumLibrary">
<doc>Closes the current browser.</doc>
<status status="PASS" start="2024-05-09T18:27:00.791075" elapsed="4.206349"/>
</kw>
<status status="PASS" start="2024-05-09T18:26:41.312016" elapsed="23.688002"/>
</test>
<status status="PASS" start="2024-05-09T18:26:40.961216" elapsed="24.043191"/>
</suite>
<statistics>
<total>
<stat pass="1" fail="0" skip="0">All Tests</stat>
</total>
<tag>
</tag>
<suite>
<stat pass="1" fail="0" skip="0" id="s1" name="BrowserHandel">BrowserHandel</stat>
</suite>
</statistics>
<errors>
</errors>
</robot>
